  analyzeFile.c
analyzeFile.c(37): warning C4047: '=': 'int'의 간접 참조 수준이 'int *'과(와) 다릅니다.
analyzeFile.c(49): warning C4018: '<': signed 또는 unsigned가 일치하지 않습니다.
analyzeFile.c(52): warning C4047: '=': 'int *'의 간접 참조 수준이 'int'과(와) 다릅니다.
analyzeFile.c(102): warning C4018: '<': signed 또는 unsigned가 일치하지 않습니다.
  FindFile.c
FindFile.c(26): warning C4047: '함수': 'const char *'의 간접 참조 수준이 'CHAR (*)[260]'과(와) 다릅니다.
FindFile.c(26): warning C4024: 'strcpy': 형식 및 실제 매개 변수 2의 형식이 서로 다릅니다.
FindFile.c(28): warning C4047: 'return': 'char *'의 간접 참조 수준이 'CHAR (*)[260]'과(와) 다릅니다.
FindFile.c(34): warning C4047: '함수': 'const char *'의 간접 참조 수준이 'CHAR (*)[260]'과(와) 다릅니다.
FindFile.c(34): warning C4024: 'strcmp': 형식 및 실제 매개 변수 2의 형식이 서로 다릅니다.
FindFile.c(40): warning C4047: '함수': 'const char *'의 간접 참조 수준이 'CHAR (*)[260]'과(와) 다릅니다.
FindFile.c(40): warning C4024: 'strcpy': 형식 및 실제 매개 변수 2의 형식이 서로 다릅니다.
FindFile.c(42): warning C4047: 'return': 'char *'의 간접 참조 수준이 'CHAR (*)[260]'과(와) 다릅니다.
  Main.c
Main.c(79): warning C4018: '<': signed 또는 unsigned가 일치하지 않습니다.
  Sort.c
  코드를 생성하고 있습니다.
  All 13 functions were compiled because no usable IPDB/IOBJ from previous compilation was found.
  코드를 생성했습니다.
  TermProject_20170454.vcxproj -> D:\School\중앙대학교\1학년 2학기\SW프로그래밍(2)\TermProject\TermProject_20170454\Release\TermProject_20170454.exe
